<?xml version="1.0" encoding="UTF-8"?>
<testsuite xmlns:xsi="http://www.w3.org/2001/XMLSchema-instance" xsi:noNamespaceSchemaLocation="https://maven.apache.org/surefire/maven-surefire-plugin/xsd/surefire-test-report-3.0.xsd" version="3.0" name="com.sprih.notification.controller.EventControllerTest" time="3.914" tests="9" errors="0" skipped="0" failures="0">
  <properties>
[...]
</properties>
  <testcase name="testCreateEmailEvent_Success" classname="com.sprih.notification.controller.EventControllerTest" time="0.459">
    <system-out><![CDATA[06:41:32.332 [main] INFO org.springframework.test.context.support.AnnotationConfigContextLoaderUtils -- Could not detect default configuration classes for test class [com.sprih.notification.controller.EventControllerTest]: EventControllerTest does not declare any static, non-private, non-final, nested classes annotated with @Configuration.
06:41:32.558 [main] INFO org.springframework.boot.test.context.SpringBootTestContextBootstrapper -- Found @SpringBootConfiguration com.sprih.notification.NotificationSystemApplication for test class com.sprih.notification.controller.EventControllerTest

  .   ____          _            __ _ _
 /\\ / ___'_ __ _ _(_)_ __  __ _ \ \ \ \
( ( )\___ | '_ | '_| | '_ \/ _` | \ \ \ \
 \\/  ___)| |_)| | | | | || (_| |  ) ) ) )
  '  |____| .__|_| |_|_| |_\__, | / / / /
 =========|_|==============|___/=/_/_/_/
 :: Spring Boot ::                (v3.2.0)

2025-08-03 06:41:33 - Starting EventControllerTest using Java 21.0.7 with PID 1521 (started by runner in /home/runner/workspace)
2025-08-03 06:41:33 - No active profile set, falling back to 1 default profile: "default"
2025-08-03 06:41:33 - Refreshing org.springframework.web.context.support.GenericWebApplicationContext@33e4b9c4
2025-08-03 06:41:34 - 4 mappings in 'requestMappingHandlerMapping'
2025-08-03 06:41:35 - Patterns [/webjars/**, /**] in 'resourceHandlerMapping'
2025-08-03 06:41:35 - ControllerAdvice beans: 0 @ModelAttribute, 0 @InitBinder, 1 RequestBodyAdvice, 1 ResponseBodyAdvice
2025-08-03 06:41:35 - ControllerAdvice beans: 0 @ExceptionHandler, 1 ResponseBodyAdvice
2025-08-03 06:41:35 - Initializing Spring TestDispatcherServlet ''
2025-08-03 06:41:35 - Initializing Servlet ''
2025-08-03 06:41:35 - Completed initialization in 2 ms
2025-08-03 06:41:35 - Started EventControllerTest in 2.757 seconds (process running for 16.807)
2025-08-03 06:41:35 - Mapped to com.sprih.notification.controller.EventController#createEvent(EventRequest, BindingResult)
2025-08-03 06:41:35 - Read "application/json;charset=UTF-8" to [EventRequest{eventType=EMAIL, callbackUrl='http://callback.url'}]
2025-08-03 06:41:35 - Received event request: EventRequest{eventType=EMAIL, callbackUrl='http://callback.url'}
2025-08-03 06:41:35 - Event b1733117-0089-44b0-bb06-cc4002c18e31 added to EMAIL queue successfully
2025-08-03 06:41:35 - Using 'application/json', given [*/*] and supported [application/json, application/*+json]
2025-08-03 06:41:35 - Writing [EventResponse{eventId='b1733117-0089-44b0-bb06-cc4002c18e31', message='Event accepted for processing (truncated)...]
]]></system-out>
  </testcase>
  <testcase name="testHealthEndpoint" classname="com.sprih.notification.controller.EventControllerTest" time="0.031">
    <system-out><![CDATA[2025-08-03 06:41:35 - Mapped to com.sprih.notification.controller.EventController#health()
2025-08-03 06:41:35 - Using 'text/plain', given [*/*] and supported [text/plain, */*, application/json, application/*+json]
2025-08-03 06:41:35 - Writing ["Event Notification System is running"]
]]></system-out>
  </testcase>
  <testcase name="testCreatePushEvent_Success" classname="com.sprih.notification.controller.EventControllerTest" time="0.009">
    <system-out><![CDATA[2025-08-03 06:41:35 - Mapped to com.sprih.notification.controller.EventController#createEvent(EventRequest, BindingResult)
2025-08-03 06:41:35 - Read "application/json;charset=UTF-8" to [EventRequest{eventType=PUSH, callbackUrl='http://callback.url'}]
2025-08-03 06:41:35 - Received event request: EventRequest{eventType=PUSH, callbackUrl='http://callback.url'}
2025-08-03 06:41:35 - Event 59c3eab3-eaf2-4b98-b465-a80d37337c4c added to PUSH queue successfully
2025-08-03 06:41:35 - Using 'application/json', given [*/*] and supported [application/json, application/*+json]
2025-08-03 06:41:35 - Writing [EventResponse{eventId='59c3eab3-eaf2-4b98-b465-a80d37337c4c', message='Event accepted for processing (truncated)...]
]]></system-out>
  </testcase>
  <testcase name="testCreateEvent_MissingEventType" classname="com.sprih.notification.controller.EventControllerTest" time="0.024">
    <system-out><![CDATA[2025-08-03 06:41:35 - Mapped to com.sprih.notification.controller.EventController#createEvent(EventRequest, BindingResult)
2025-08-03 06:41:35 - Read "application/json;charset=UTF-8" to [EventRequest{eventType=null, callbackUrl='http://callback.url'}]
2025-08-03 06:41:35 - Received event request: EventRequest{eventType=null, callbackUrl='http://callback.url'}
2025-08-03 06:41:35 - Validation failed for event request: Validation failed: eventType - Event type is required; 
2025-08-03 06:41:35 - Using 'text/plain', given [*/*] and supported [text/plain, */*, application/json, application/*+json]
2025-08-03 06:41:35 - Writing ["Validation failed: eventType - Event type is required; "]
]]></system-out>
  </testcase>
  <testcase name="testCreateEvent_InvalidSmsPayload" classname="com.sprih.notification.controller.EventControllerTest" time="0.019">
    <system-out><![CDATA[2025-08-03 06:41:35 - Mapped to com.sprih.notification.controller.EventController#createEvent(EventRequest, BindingResult)
2025-08-03 06:41:35 - Read "application/json;charset=UTF-8" to [EventRequest{eventType=SMS, callbackUrl='http://callback.url'}]
2025-08-03 06:41:35 - Received event request: EventRequest{eventType=SMS, callbackUrl='http://callback.url'}
2025-08-03 06:41:35 - Payload validation failed: SMS event payload must contain 'phoneNumber' and 'message' fields
2025-08-03 06:41:35 - Using 'text/plain', given [*/*] and supported [text/plain, */*, application/json, application/*+json]
2025-08-03 06:41:35 - Writing ["SMS event payload must contain 'phoneNumber' and 'message' fields"]
]]></system-out>
  </testcase>
  <testcase name="testCreateEvent_InvalidEmailPayload" classname="com.sprih.notification.controller.EventControllerTest" time="0.014">
    <system-out><![CDATA[2025-08-03 06:41:36 - Mapped to com.sprih.notification.controller.EventController#createEvent(EventRequest, BindingResult)
2025-08-03 06:41:36 - Read "application/json;charset=UTF-8" to [EventRequest{eventType=EMAIL, callbackUrl='http://callback.url'}]
2025-08-03 06:41:36 - Received event request: EventRequest{eventType=EMAIL, callbackUrl='http://callback.url'}
2025-08-03 06:41:36 - Payload validation failed: EMAIL event payload must contain 'recipient' and 'message' fields
2025-08-03 06:41:36 - Using 'text/plain', given [*/*] and supported [text/plain, */*, application/json, application/*+json]
2025-08-03 06:41:36 - Writing ["EMAIL event payload must contain 'recipient' and 'message' fields"]
]]></system-out>
  </testcase>
  <testcase name="testCreateSmsEvent_Success" classname="com.sprih.notification.controller.EventControllerTest" time="0.014">
    <system-out><![CDATA[2025-08-03 06:41:36 - Mapped to com.sprih.notification.controller.EventController#createEvent(EventRequest, BindingResult)
2025-08-03 06:41:36 - Read "application/json;charset=UTF-8" to [EventRequest{eventType=SMS, callbackUrl='http://callback.url'}]
2025-08-03 06:41:36 - Received event request: EventRequest{eventType=SMS, callbackUrl='http://callback.url'}
2025-08-03 06:41:36 - Event 8d992fa9-85ee-4379-9011-e395ff6a45b1 added to SMS queue successfully
2025-08-03 06:41:36 - Using 'application/json', given [*/*] and supported [application/json, application/*+json]
2025-08-03 06:41:36 - Writing [EventResponse{eventId='8d992fa9-85ee-4379-9011-e395ff6a45b1', message='Event accepted for processing (truncated)...]
]]></system-out>
  </testcase>
  <testcase name="testCreateEvent_MissingCallbackUrl" classname="com.sprih.notification.controller.EventControllerTest" time="0.014">
    <system-out><![CDATA[2025-08-03 06:41:36 - Mapped to com.sprih.notification.controller.EventController#createEvent(EventRequest, BindingResult)
2025-08-03 06:41:36 - Read "application/json;charset=UTF-8" to [EventRequest{eventType=EMAIL, callbackUrl='null'}]
2025-08-03 06:41:36 - Received event request: EventRequest{eventType=EMAIL, callbackUrl='null'}
2025-08-03 06:41:36 - Validation failed for event request: Validation failed: callbackUrl - Callback URL is required; 
2025-08-03 06:41:36 - Using 'text/plain', given [*/*] and supported [text/plain, */*, application/json, application/*+json]
2025-08-03 06:41:36 - Writing ["Validation failed: callbackUrl - Callback URL is required; "]
]]></system-out>
  </testcase>
  <testcase name="testCreateEvent_InvalidPushPayload" classname="com.sprih.notification.controller.EventControllerTest" time="0.014">
    <system-out><![CDATA[2025-08-03 06:41:36 - Mapped to com.sprih.notification.controller.EventController#createEvent(EventRequest, BindingResult)
2025-08-03 06:41:36 - Read "application/json;charset=UTF-8" to [EventRequest{eventType=PUSH, callbackUrl='http://callback.url'}]
2025-08-03 06:41:36 - Received event request: EventRequest{eventType=PUSH, callbackUrl='http://callback.url'}
2025-08-03 06:41:36 - Payload validation failed: PUSH event payload must contain 'deviceId' and 'message' fields
2025-08-03 06:41:36 - Using 'text/plain', given [*/*] and supported [text/plain, */*, application/json, application/*+json]
2025-08-03 06:41:36 - Writing ["PUSH event payload must contain 'deviceId' and 'message' fields"]
]]></system-out>
  </testcase>
</testsuite>